已經開始建置於 2015/3/2 下午 04:15:40。
     1>節點 2 (build 目標) 上的專案 "D:\交大\GLSL_GPU\GLSL_GPU\Examples\GeometryShader\GrometryShader.vcxproj"。
     1>InitializeBuildStatus:
         由於指定了 "AlwaysCreate"，因此正在建立 "Debug\GeometryShader.unsuccessfulbuild"。
       ClCompile:
         C:\Program Files (x86)\Microsoft Visual Studio 10.0\VC\bin\CL.exe /c /I../../include /ZI /nologo /W3 /WX- /Od /Oy- /D WIN32 /D _DEBUG /D _CONSOLE /D _UNICODE /D UNICODE /Gm /EHsc /RTC1 /MDd /GS /fp:precise /Zc:wchar_t /Zc:forScope /Fo"Debug\\" /Fd"Debug\vc100.pdb" /Gd /TP /analyze- /errorReport:prompt main.cpp
         main.cpp
     1>d:\交大\glsl_gpu\glsl_gpu\examples\geometryshader\main.cpp(29): warning C4996: 'fopen': This function or variable may be unsafe. Consider using fopen_s instead. To disable deprecation, use _CRT_SECURE_NO_WARNINGS. See online help for details.
                 c:\program files (x86)\microsoft visual studio 10.0\vc\include\stdio.h(234) : 請參閱 'fopen' 的宣告
     1>d:\交大\glsl_gpu\glsl_gpu\examples\geometryshader\main.cpp(59): warning C4996: 'fopen': This function or variable may be unsafe. Consider using fopen_s instead. To disable deprecation, use _CRT_SECURE_NO_WARNINGS. See online help for details.
                 c:\program files (x86)\microsoft visual studio 10.0\vc\include\stdio.h(234) : 請參閱 'fopen' 的宣告
       ManifestResourceCompile:
         所有輸出都是最新的。
       Link:
         C:\Program Files (x86)\Microsoft Visual Studio 10.0\VC\bin\link.exe /ERRORREPORT:PROMPT /OUT:"D:\交大\GLSL_GPU\GLSL_GPU\Examples\GeometryShader\Debug\GeometryShader.exe" /INCREMENTAL /NOLOGO /LIBPATH:../../lib glut32.lib glew32.lib FreeImage.lib kernel32.lib user32.lib gdi32.lib winspool.lib comdlg32.lib advapi32.lib shell32.lib ole32.lib oleaut32.lib uuid.lib odbc32.lib odbccp32.lib /MANIFEST /ManifestFile:"Debug\GeometryShader.exe.intermediate.manifest" /MANIFESTUAC:"level='asInvoker' uiAccess='false'" /DEBUG /PDB:"D:\交大\GLSL_GPU\GLSL_GPU\Examples\GeometryShader\Debug\GeometryShader.pdb" /SUBSYSTEM:CONSOLE /TLBID:1 /DYNAMICBASE /NXCOMPAT /IMPLIB:"D:\交大\GLSL_GPU\GLSL_GPU\Examples\GeometryShader\Debug\GeometryShader.lib" /MACHINE:X86 Debug\GeometryShader.exe.embed.manifest.res
         Debug\main.obj
       Manifest:
         C:\Program Files (x86)\Microsoft SDKs\Windows\v7.0A\bin\mt.exe /nologo /verbose /out:"Debug\GeometryShader.exe.embed.manifest" /manifest Debug\GeometryShader.exe.intermediate.manifest
         所有輸出都是最新的。
       LinkEmbedManifest:
         所有輸出都是最新的。
         GrometryShader.vcxproj -> D:\交大\GLSL_GPU\GLSL_GPU\Examples\GeometryShader\Debug\GeometryShader.exe
       FinalizeBuildStatus:
         正在刪除檔案 "Debug\GeometryShader.unsuccessfulbuild"。
         正在變更時間戳記 "Debug\GeometryShader.lastbuildstate"。
     1>專案 "D:\交大\GLSL_GPU\GLSL_GPU\Examples\GeometryShader\GrometryShader.vcxproj" (build 目標) 建置完成。

建置成功。

經過時間 00:00:00.61
