已經開始建置於 2015/5/21 上午 10:05:37。
     1>節點 2 (build 目標) 上的專案 "D:\交大\MeshExample\OpenGL\shadow map\shadow map\shadow map.vcxproj"。
     1>InitializeBuildStatus:
         由於指定了 "AlwaysCreate"，因此正在建立 "Debug\shadow map.unsuccessfulbuild"。
       ClCompile:
         C:\Program Files (x86)\Microsoft Visual Studio 10.0\VC\bin\CL.exe /c /I"D:\交大\MeshExample\OpenGL\shadow map\include" /ZI /nologo /W3 /WX- /Od /Oy- /D _UNICODE /D UNICODE /Gm /EHsc /RTC1 /MDd /GS /fp:precise /Zc:wchar_t /Zc:forScope /Fo"Debug\\" /Fd"Debug\vc100.pdb" /Gd /TP /analyze- /errorReport:prompt shadowMapMain.cpp
         shadowMapMain.cpp
     1>d:\交大\meshexample\opengl\shadow map\shadow map\shadowmapmain.cpp : warning C4819: 檔案含有無法在目前字碼頁 (950) 中表示的字元。請以 Unicode 格式儲存檔案以防止資料遺失
     1>d:\交大\meshexample\opengl\shadow map\include\freeimage.h : warning C4819: 檔案含有無法在目前字碼頁 (950) 中表示的字元。請以 Unicode 格式儲存檔案以防止資料遺失
       Link:
         C:\Program Files (x86)\Microsoft Visual Studio 10.0\VC\bin\link.exe /ERRORREPORT:PROMPT /OUT:"D:\交大\MeshExample\OpenGL\shadow map\Debug\shadow map.exe" /NOLOGO /LIBPATH:"D:\交大\MeshExample\OpenGL\shadow map\lib" glut32.lib glew32.lib FreeImage.lib kernel32.lib user32.lib gdi32.lib winspool.lib comdlg32.lib advapi32.lib shell32.lib ole32.lib oleaut32.lib uuid.lib odbc32.lib odbccp32.lib /MANIFEST /ManifestFile:"Debug\shadow map.exe.intermediate.manifest" /MANIFESTUAC:"level='asInvoker' uiAccess='false'" /DEBUG /PDB:"D:\交大\MeshExample\OpenGL\shadow map\Debug\shadow map.pdb" /TLBID:1 /DYNAMICBASE /NXCOMPAT /IMPLIB:"D:\交大\MeshExample\OpenGL\shadow map\Debug\shadow map.lib" /MACHINE:X86 Debug\glmath.obj
         Debug\light.obj
         Debug\mesh.obj
         Debug\scene.obj
         Debug\ShaderLoader.obj
         Debug\view.obj
         Debug\shadowMapMain.obj
         LINK : 最後的累加連結找不到或未建置 D:\交大\MeshExample\OpenGL\shadow map\Debug\shadow map.exe，正在執行完整連結
         shadow map.vcxproj -> D:\交大\MeshExample\OpenGL\shadow map\Debug\shadow map.exe
       Manifest:
         C:\Program Files (x86)\Microsoft SDKs\Windows\v7.0A\bin\mt.exe /nologo /verbose /outputresource:"D:\交大\MeshExample\OpenGL\shadow map\Debug\shadow map.exe;#1" /manifest "Debug\shadow map.exe.intermediate.manifest"
       FinalizeBuildStatus:
         正在刪除檔案 "Debug\shadow map.unsuccessfulbuild"。
         正在變更時間戳記 "Debug\shadow map.lastbuildstate"。
     1>專案 "D:\交大\MeshExample\OpenGL\shadow map\shadow map\shadow map.vcxproj" (build 目標) 建置完成。

建置成功。

經過時間 00:00:01.55
