已經開始建置於 2015/2/2 上午 09:27:59。
     1>節點 2 (build 目標) 上的專案 "D:\交大\MeshExample\TextureMapping1\MeshExample\MeshExample.vcxproj"。
     1>InitializeBuildStatus:
         由於指定了 "AlwaysCreate"，因此正在建立 "Debug\MeshExample.unsuccessfulbuild"。
       ClCompile:
         C:\Program Files (x86)\Microsoft Visual Studio 10.0\VC\bin\CL.exe /c /ZI /nologo /W3 /WX- /Od /Oy- /D WIN32 /D _DEBUG /D _CONSOLE /D _UNICODE /D UNICODE /Gm /EHsc /RTC1 /MDd /GS /fp:precise /Zc:wchar_t /Zc:forScope /Fo"Debug\\" /Fd"Debug\vc100.pdb" /Gd /TP /analyze- /errorReport:prompt main.cpp
         main.cpp
     1>d:\交大\meshexample\texturemapping1\meshexample\freeimage.h : warning C4819: 檔案含有無法在目前字碼頁 (950) 中表示的字元。請以 Unicode 格式儲存檔案以防止資料遺失
       ManifestResourceCompile:
         所有輸出都是最新的。
       Link:
         C:\Program Files (x86)\Microsoft Visual Studio 10.0\VC\bin\link.exe /ERRORREPORT:PROMPT /OUT:"D:\交大\MeshExample\TextureMapping1\Debug\MeshExample.exe" /INCREMENTAL /NOLOGO /LIBPATH:"D:\交大\MeshExample\TextureMapping1\MeshExample\lib" glut32.lib glew32.lib FreeImage.lib kernel32.lib user32.lib gdi32.lib winspool.lib comdlg32.lib advapi32.lib shell32.lib ole32.lib oleaut32.lib uuid.lib odbc32.lib odbccp32.lib /MANIFEST /ManifestFile:"Debug\MeshExample.exe.intermediate.manifest" /MANIFESTUAC:"level='asInvoker' uiAccess='false'" /DEBUG /PDB:"D:\交大\MeshExample\TextureMapping1\Debug\MeshExample.pdb" /SUBSYSTEM:CONSOLE /TLBID:1 /DYNAMICBASE /NXCOMPAT /IMPLIB:"D:\交大\MeshExample\TextureMapping1\Debug\MeshExample.lib" /MACHINE:X86 Debug\MeshExample.exe.embed.manifest.res
         Debug\light.obj
         Debug\main.obj
         Debug\mesh.obj
         Debug\scene.obj
         Debug\view.obj
       Manifest:
         C:\Program Files (x86)\Microsoft SDKs\Windows\v7.0A\bin\mt.exe /nologo /verbose /out:"Debug\MeshExample.exe.embed.manifest" /manifest Debug\MeshExample.exe.intermediate.manifest
         所有輸出都是最新的。
       LinkEmbedManifest:
         所有輸出都是最新的。
         MeshExample.vcxproj -> D:\交大\MeshExample\TextureMapping1\Debug\MeshExample.exe
       FinalizeBuildStatus:
         正在刪除檔案 "Debug\MeshExample.unsuccessfulbuild"。
         正在變更時間戳記 "Debug\MeshExample.lastbuildstate"。
     1>專案 "D:\交大\MeshExample\TextureMapping1\MeshExample\MeshExample.vcxproj" (build 目標) 建置完成。

建置成功。

經過時間 00:00:01.31
